<?xml version="1.0" encoding="UTF-8"?>
<!-- Generated by org.testng.reporters.JUnitXMLReporter -->
<testsuite ignored="0" hostname="LAPTOP-1IP63I2R" failures="0" tests="1" name="Firefox Test" time="309.865" errors="0" timestamp="2023-06-08T14:38:40 IST">
  <testcase classname="grid.Prac" name="@BeforeMethod setUp" time="309.85">
    <failure type="org.openqa.selenium.SessionNotCreatedException" message="Could not start a new session. New session request timed out 
Host info: host: &amp;apos;LAPTOP-1IP63I2R&amp;apos;, ip: &amp;apos;192.168.101.7&amp;apos;
Build info: version: &amp;apos;4.9.1&amp;apos;, revision: &amp;apos;eb2032df7f&amp;apos;
System info: os.name: &amp;apos;Windows 11&amp;apos;, os.arch: &amp;apos;amd64&amp;apos;, os.version: &amp;apos;10.0&amp;apos;, java.version: &amp;apos;11.0.14.1&amp;apos;
Driver info: driver.version: unknown
Build info: version: &amp;apos;3.141.59&amp;apos;, revision: &amp;apos;e82be7d358&amp;apos;, time: &amp;apos;2018-11-14T08:17:03&amp;apos;
System info: host: &amp;apos;LAPTOP-1IP63I2R&amp;apos;, ip: &amp;apos;192.168.101.7&amp;apos;, os.name: &amp;apos;Windows 11&amp;apos;, os.arch: &amp;apos;amd64&amp;apos;, os.version: &amp;apos;10.0&amp;apos;, java.version: &amp;apos;17.0.7&amp;apos;
Driver info: driver.version: RemoteWebDriver
remote stacktrace: [{fileName=LocalNewSessionQueue.java, moduleVersion=null, moduleName=null, nativeMethod=false, methodName=addToQueue, className=org.openqa.selenium.grid.sessionqueue.local.LocalNewSessionQueue, lineNumber=202, classLoaderName=app}, {fileName=NewSessionQueue.java, moduleVersion=null, moduleName=null, nativeMethod=false, methodName=lambda$new$0, className=org.openqa.selenium.grid.sessionqueue.NewSessionQueue, lineNumber=68, classLoaderName=app}, {fileName=Route.java, moduleVersion=null, moduleName=null, nativeMethod=false, methodName=handle, className=org.openqa.selenium.remote.http.Route$TemplatizedRoute, lineNumber=192, classLoaderName=app}, {fileName=Route.java, moduleVersion=null, moduleName=null, nativeMethod=false, methodName=execute, className=org.openqa.selenium.remote.http.Route, lineNumber=68, classLoaderName=app}, {fileName=Route.java, moduleVersion=null, moduleName=null, nativeMethod=false, methodName=handle, className=org.openqa.selenium.remote.http.Route$CombinedRoute, lineNumber=336, classLoaderName=app}, {fileName=Route.java, moduleVersion=null, moduleName=null, nativeMethod=false, methodName=execute, className=org.openqa.selenium.remote.http.Route, lineNumber=68, classLoaderName=app}, {fileName=NewSessionQueue.java, moduleVersion=null, moduleName=null, nativeMethod=false, methodName=execute, className=org.openqa.selenium.grid.sessionqueue.NewSessionQueue, lineNumber=122, classLoaderName=app}, {fileName=SpanWrappedHttpHandler.java, moduleVersion=null, moduleName=null, nativeMethod=false, methodName=execute, className=org.openqa.selenium.remote.tracing.SpanWrappedHttpHandler, lineNumber=86, classLoaderName=app}, {fileName=Filter.java, moduleVersion=null, moduleName=null, nativeMethod=false, methodName=execute, className=org.openqa.selenium.remote.http.Filter$1, lineNumber=64, classLoaderName=app}, {fileName=Route.java, moduleVersion=null, moduleName=null, nativeMethod=false, methodName=handle, className=org.openqa.selenium.remote.http.Route$CombinedRoute, lineNumber=336, classLoaderName=app}, {fileName=Route.java, moduleVersion=null, moduleName=null, nativeMethod=false, methodName=execute, className=org.openqa.selenium.remote.http.Route, lineNumber=68, classLoaderName=app}, {fileName=Router.java, moduleVersion=null, moduleName=null, nativeMethod=false, methodName=execute, className=org.openqa.selenium.grid.router.Router, lineNumber=91, classLoaderName=app}, {fileName=CheckOriginHeader.java, moduleVersion=null, moduleName=null, nativeMethod=false, methodName=lambda$apply$0, className=org.openqa.selenium.grid.web.CheckOriginHeader, lineNumber=66, classLoaderName=app}, {fileName=CheckContentTypeHeader.java, moduleVersion=null, moduleName=null, nativeMethod=false, methodName=lambda$apply$0, className=org.openqa.selenium.grid.web.CheckContentTypeHeader, lineNumber=70, classLoaderName=app}, {fileName=EnsureSpecCompliantResponseHeaders.java, moduleVersion=null, moduleName=null, nativeMethod=false, methodName=lambda$apply$0, className=org.openqa.selenium.grid.web.EnsureSpecCompliantResponseHeaders, lineNumber=34, classLoaderName=app}, {fileName=Filter.java, moduleVersion=null, moduleName=null, nativeMethod=false, methodName=execute, className=org.openqa.selenium.remote.http.Filter$1, lineNumber=64, classLoaderName=app}, {fileName=Route.java, moduleVersion=null, moduleName=null, nativeMethod=false, methodName=handle, className=org.openqa.selenium.remote.http.Route$CombinedRoute, lineNumber=336, classLoaderName=app}, {fileName=Route.java, moduleVersion=null, moduleName=null, nativeMethod=false, methodName=execute, className=org.openqa.selenium.remote.http.Route, lineNumber=68, classLoaderName=app}, {fileName=Route.java, moduleVersion=null, moduleName=null, nativeMethod=false, methodName=handle, className=org.openqa.selenium.remote.http.Route$NestedRoute, lineNumber=270, classLoaderName=app}, {fileName=Route.java, moduleVersion=null, moduleName=null, nativeMethod=false, methodName=execute, className=org.openqa.selenium.remote.http.Route, lineNumber=68, classLoaderName=app}, {fileName=Route.java, moduleVersion=null, moduleName=null, nativeMethod=false, methodName=handle, className=org.openqa.selenium.remote.http.Route$CombinedRoute, lineNumber=336, classLoaderName=app}, {fileName=Route.java, moduleVersion=null, moduleName=null, nativeMethod=false, methodName=execute, className=org.openqa.selenium.remote.http.Route, lineNumber=68, classLoaderName=app}, {fileName=Route.java, moduleVersion=null, moduleName=null, nativeMethod=false, methodName=handle, className=org.openqa.selenium.remote.http.Route$CombinedRoute, lineNumber=336, classLoaderName=app}, {fileName=Route.java, moduleVersion=null, moduleName=null, nativeMethod=false, methodName=execute, className=org.openqa.selenium.remote.http.Route, lineNumber=68, classLoaderName=app}, {fileName=Route.java, moduleVersion=null, moduleName=null, nativeMethod=false, methodName=handle, className=org.openqa.selenium.remote.http.Route$CombinedRoute, lineNumber=336, classLoaderName=app}, {fileName=Route.java, moduleVersion=null, moduleName=null, nativeMethod=false, methodName=execute, className=org.openqa.selenium.remote.http.Route, lineNumber=68, classLoaderName=app}, {fileName=Route.java, moduleVersion=null, moduleName=null, nativeMethod=false, methodName=handle, className=org.openqa.selenium.remote.http.Route$CombinedRoute, lineNumber=336, classLoaderName=app}, {fileName=Route.java, moduleVersion=null, moduleName=null, nativeMethod=false, methodName=execute, className=org.openqa.selenium.remote.http.Route, lineNumber=68, classLoaderName=app}, {fileName=AddWebDriverSpecHeaders.java, moduleVersion=null, moduleName=null, nativeMethod=false, methodName=lambda$apply$0, className=org.openqa.selenium.remote.AddWebDriverSpecHeaders, lineNumber=35, classLoaderName=app}, {fileName=ErrorFilter.java, moduleVersion=null, moduleName=null, nativeMethod=false, methodName=lambda$apply$0, className=org.openqa.selenium.remote.ErrorFilter, lineNumber=44, classLoaderName=app}, {fileName=Filter.java, moduleVersion=null, moduleName=null, nativeMethod=false, methodName=execute, className=org.openqa.selenium.remote.http.Filter$1, lineNumber=64, classLoaderName=app}, {fileName=ErrorFilter.java, moduleVersion=null, moduleName=null, nativeMethod=false, methodName=lambda$apply$0, className=org.openqa.selenium.remote.ErrorFilter, lineNumber=44, classLoaderName=app}, {fileName=Filter.java, moduleVersion=null, moduleName=null, nativeMethod=false, methodName=execute, className=org.openqa.selenium.remote.http.Filter$1, lineNumber=64, classLoaderName=app}, {fileName=SeleniumHandler.java, moduleVersion=null, moduleName=null, nativeMethod=false, methodName=lambda$channelRead0$0, className=org.openqa.selenium.netty.server.SeleniumHandler, lineNumber=44, classLoaderName=app}, {fileName=Executors.java, moduleVersion=11.0.14.1, moduleName=java.base, nativeMethod=false, methodName=call, className=java.util.concurrent.Executors$RunnableAdapter, lineNumber=515, classLoaderName=null}, {fileName=FutureTask.java, moduleVersion=11.0.14.1, moduleName=java.base, nativeMethod=false, methodName=run, className=java.util.concurrent.FutureTask, lineNumber=264, classLoaderName=null}, {fileName=ThreadPoolExecutor.java, moduleVersion=11.0.14.1, moduleName=java.base, nativeMethod=false, methodName=runWorker, className=java.util.concurrent.ThreadPoolExecutor, lineNumber=1128, classLoaderName=null}, {fileName=ThreadPoolExecutor.java, moduleVersion=11.0.14.1, moduleName=java.base, nativeMethod=false, methodName=run, className=java.util.concurrent.ThreadPoolExecutor$Worker, lineNumber=628, classLoaderName=null}, {fileName=Thread.java, moduleVersion=11.0.14.1, moduleName=java.base, nativeMethod=false, methodName=run, className=java.lang.Thread, lineNumber=829, classLoaderName=null}]">
      <![CDATA[org.openqa.selenium.SessionNotCreatedException: Could not start a new session. New session request timed out 
Host info: host: 'LAPTOP-1IP63I2R', ip: '192.168.101.7'
Build info: version: '4.9.1', revision: 'eb2032df7f'
System info: os.name: 'Windows 11', os.arch: 'amd64', os.version: '10.0', java.version: '11.0.14.1'
Driver info: driver.version: unknown
Build info: version: '3.141.59', revision: 'e82be7d358', time: '2018-11-14T08:17:03'
System info: host: 'LAPTOP-1IP63I2R', ip: '192.168.101.7', os.name: 'Windows 11', os.arch: 'amd64', os.version: '10.0', java.version: '17.0.7'
Driver info: driver.version: RemoteWebDriver
remote stacktrace: [{fileName=LocalNewSessionQueue.java, moduleVersion=null, moduleName=null, nativeMethod=false, methodName=addToQueue, className=org.openqa.selenium.grid.sessionqueue.local.LocalNewSessionQueue, lineNumber=202, classLoaderName=app}, {fileName=NewSessionQueue.java, moduleVersion=null, moduleName=null, nativeMethod=false, methodName=lambda$new$0, className=org.openqa.selenium.grid.sessionqueue.NewSessionQueue, lineNumber=68, classLoaderName=app}, {fileName=Route.java, moduleVersion=null, moduleName=null, nativeMethod=false, methodName=handle, className=org.openqa.selenium.remote.http.Route$TemplatizedRoute, lineNumber=192, classLoaderName=app}, {fileName=Route.java, moduleVersion=null, moduleName=null, nativeMethod=false, methodName=execute, className=org.openqa.selenium.remote.http.Route, lineNumber=68, classLoaderName=app}, {fileName=Route.java, moduleVersion=null, moduleName=null, nativeMethod=false, methodName=handle, className=org.openqa.selenium.remote.http.Route$CombinedRoute, lineNumber=336, classLoaderName=app}, {fileName=Route.java, moduleVersion=null, moduleName=null, nativeMethod=false, methodName=execute, className=org.openqa.selenium.remote.http.Route, lineNumber=68, classLoaderName=app}, {fileName=NewSessionQueue.java, moduleVersion=null, moduleName=null, nativeMethod=false, methodName=execute, className=org.openqa.selenium.grid.sessionqueue.NewSessionQueue, lineNumber=122, classLoaderName=app}, {fileName=SpanWrappedHttpHandler.java, moduleVersion=null, moduleName=null, nativeMethod=false, methodName=execute, className=org.openqa.selenium.remote.tracing.SpanWrappedHttpHandler, lineNumber=86, classLoaderName=app}, {fileName=Filter.java, moduleVersion=null, moduleName=null, nativeMethod=false, methodName=execute, className=org.openqa.selenium.remote.http.Filter$1, lineNumber=64, classLoaderName=app}, {fileName=Route.java, moduleVersion=null, moduleName=null, nativeMethod=false, methodName=handle, className=org.openqa.selenium.remote.http.Route$CombinedRoute, lineNumber=336, classLoaderName=app}, {fileName=Route.java, moduleVersion=null, moduleName=null, nativeMethod=false, methodName=execute, className=org.openqa.selenium.remote.http.Route, lineNumber=68, classLoaderName=app}, {fileName=Router.java, moduleVersion=null, moduleName=null, nativeMethod=false, methodName=execute, className=org.openqa.selenium.grid.router.Router, lineNumber=91, classLoaderName=app}, {fileName=CheckOriginHeader.java, moduleVersion=null, moduleName=null, nativeMethod=false, methodName=lambda$apply$0, className=org.openqa.selenium.grid.web.CheckOriginHeader, lineNumber=66, classLoaderName=app}, {fileName=CheckContentTypeHeader.java, moduleVersion=null, moduleName=null, nativeMethod=false, methodName=lambda$apply$0, className=org.openqa.selenium.grid.web.CheckContentTypeHeader, lineNumber=70, classLoaderName=app}, {fileName=EnsureSpecCompliantResponseHeaders.java, moduleVersion=null, moduleName=null, nativeMethod=false, methodName=lambda$apply$0, className=org.openqa.selenium.grid.web.EnsureSpecCompliantResponseHeaders, lineNumber=34, classLoaderName=app}, {fileName=Filter.java, moduleVersion=null, moduleName=null, nativeMethod=false, methodName=execute, className=org.openqa.selenium.remote.http.Filter$1, lineNumber=64, classLoaderName=app}, {fileName=Route.java, moduleVersion=null, moduleName=null, nativeMethod=false, methodName=handle, className=org.openqa.selenium.remote.http.Route$CombinedRoute, lineNumber=336, classLoaderName=app}, {fileName=Route.java, moduleVersion=null, moduleName=null, nativeMethod=false, methodName=execute, className=org.openqa.selenium.remote.http.Route, lineNumber=68, classLoaderName=app}, {fileName=Route.java, moduleVersion=null, moduleName=null, nativeMethod=false, methodName=handle, className=org.openqa.selenium.remote.http.Route$NestedRoute, lineNumber=270, classLoaderName=app}, {fileName=Route.java, moduleVersion=null, moduleName=null, nativeMethod=false, methodName=execute, className=org.openqa.selenium.remote.http.Route, lineNumber=68, classLoaderName=app}, {fileName=Route.java, moduleVersion=null, moduleName=null, nativeMethod=false, methodName=handle, className=org.openqa.selenium.remote.http.Route$CombinedRoute, lineNumber=336, classLoaderName=app}, {fileName=Route.java, moduleVersion=null, moduleName=null, nativeMethod=false, methodName=execute, className=org.openqa.selenium.remote.http.Route, lineNumber=68, classLoaderName=app}, {fileName=Route.java, moduleVersion=null, moduleName=null, nativeMethod=false, methodName=handle, className=org.openqa.selenium.remote.http.Route$CombinedRoute, lineNumber=336, classLoaderName=app}, {fileName=Route.java, moduleVersion=null, moduleName=null, nativeMethod=false, methodName=execute, className=org.openqa.selenium.remote.http.Route, lineNumber=68, classLoaderName=app}, {fileName=Route.java, moduleVersion=null, moduleName=null, nativeMethod=false, methodName=handle, className=org.openqa.selenium.remote.http.Route$CombinedRoute, lineNumber=336, classLoaderName=app}, {fileName=Route.java, moduleVersion=null, moduleName=null, nativeMethod=false, methodName=execute, className=org.openqa.selenium.remote.http.Route, lineNumber=68, classLoaderName=app}, {fileName=Route.java, moduleVersion=null, moduleName=null, nativeMethod=false, methodName=handle, className=org.openqa.selenium.remote.http.Route$CombinedRoute, lineNumber=336, classLoaderName=app}, {fileName=Route.java, moduleVersion=null, moduleName=null, nativeMethod=false, methodName=execute, className=org.openqa.selenium.remote.http.Route, lineNumber=68, classLoaderName=app}, {fileName=AddWebDriverSpecHeaders.java, moduleVersion=null, moduleName=null, nativeMethod=false, methodName=lambda$apply$0, className=org.openqa.selenium.remote.AddWebDriverSpecHeaders, lineNumber=35, classLoaderName=app}, {fileName=ErrorFilter.java, moduleVersion=null, moduleName=null, nativeMethod=false, methodName=lambda$apply$0, className=org.openqa.selenium.remote.ErrorFilter, lineNumber=44, classLoaderName=app}, {fileName=Filter.java, moduleVersion=null, moduleName=null, nativeMethod=false, methodName=execute, className=org.openqa.selenium.remote.http.Filter$1, lineNumber=64, classLoaderName=app}, {fileName=ErrorFilter.java, moduleVersion=null, moduleName=null, nativeMethod=false, methodName=lambda$apply$0, className=org.openqa.selenium.remote.ErrorFilter, lineNumber=44, classLoaderName=app}, {fileName=Filter.java, moduleVersion=null, moduleName=null, nativeMethod=false, methodName=execute, className=org.openqa.selenium.remote.http.Filter$1, lineNumber=64, classLoaderName=app}, {fileName=SeleniumHandler.java, moduleVersion=null, moduleName=null, nativeMethod=false, methodName=lambda$channelRead0$0, className=org.openqa.selenium.netty.server.SeleniumHandler, lineNumber=44, classLoaderName=app}, {fileName=Executors.java, moduleVersion=11.0.14.1, moduleName=java.base, nativeMethod=false, methodName=call, className=java.util.concurrent.Executors$RunnableAdapter, lineNumber=515, classLoaderName=null}, {fileName=FutureTask.java, moduleVersion=11.0.14.1, moduleName=java.base, nativeMethod=false, methodName=run, className=java.util.concurrent.FutureTask, lineNumber=264, classLoaderName=null}, {fileName=ThreadPoolExecutor.java, moduleVersion=11.0.14.1, moduleName=java.base, nativeMethod=false, methodName=runWorker, className=java.util.concurrent.ThreadPoolExecutor, lineNumber=1128, classLoaderName=null}, {fileName=ThreadPoolExecutor.java, moduleVersion=11.0.14.1, moduleName=java.base, nativeMethod=false, methodName=run, className=java.util.concurrent.ThreadPoolExecutor$Worker, lineNumber=628, classLoaderName=null}, {fileName=Thread.java, moduleVersion=11.0.14.1, moduleName=java.base, nativeMethod=false, methodName=run, className=java.lang.Thread, lineNumber=829, classLoaderName=null}]
at org.openqa.selenium.remote.W3CHandshakeResponse.lambda$errorHandler$0(W3CHandshakeResponse.java:62)
at org.openqa.selenium.remote.HandshakeResponse.lambda$getResponseFunction$0(HandshakeResponse.java:30)
at org.openqa.selenium.remote.ProtocolHandshake.lambda$createSession$0(ProtocolHandshake.java:126)
at java.base/java.util.stream.ReferencePipeline$3$1.accept(ReferencePipeline.java:197)
at java.base/java.util.Spliterators$ArraySpliterator.tryAdvance(Spliterators.java:1002)
at java.base/java.util.stream.ReferencePipeline.forEachWithCancel(ReferencePipeline.java:129)
at java.base/java.util.stream.AbstractPipeline.copyIntoWithCancel(AbstractPipeline.java:527)
at java.base/java.util.stream.AbstractPipeline.copyInto(AbstractPipeline.java:513)
at java.base/java.util.stream.AbstractPipeline.wrapAndCopyInto(AbstractPipeline.java:499)
at java.base/java.util.stream.FindOps$FindOp.evaluateSequential(FindOps.java:150)
at java.base/java.util.stream.AbstractPipeline.evaluate(AbstractPipeline.java:234)
at java.base/java.util.stream.ReferencePipeline.findFirst(ReferencePipeline.java:647)
at org.openqa.selenium.remote.ProtocolHandshake.createSession(ProtocolHandshake.java:128)
at org.openqa.selenium.remote.ProtocolHandshake.createSession(ProtocolHandshake.java:74)
at org.openqa.selenium.remote.HttpCommandExecutor.execute(HttpCommandExecutor.java:136)
at org.openqa.selenium.remote.RemoteWebDriver.execute(RemoteWebDriver.java:552)
at org.openqa.selenium.remote.RemoteWebDriver.startSession(RemoteWebDriver.java:213)
at org.openqa.selenium.remote.RemoteWebDriver.<init>(RemoteWebDriver.java:131)
at org.openqa.selenium.remote.RemoteWebDriver.<init>(RemoteWebDriver.java:144)
at grid.Prac.setUp(Prac.java:52)
at java.base/java.util.ArrayList.forEach(ArrayList.java:1511)
... Removed 36 stack frames]]>
    </failure>
  </testcase> <!-- @BeforeMethod setUp -->
  <testcase classname="grid.Prac" name="@AfterMethod tearDown" time="-1.686215320418E9">
    <skipped/>
  </testcase> <!-- @AfterMethod tearDown -->
  <testcase classname="grid.Prac" name="appleSite" time="0.0">
    <skipped/>
  </testcase> <!-- appleSite -->
</testsuite> <!-- Firefox Test -->
