<?xml version="1.0" encoding="UTF-8"?>
<!-- Generated by org.testng.reporters.JUnitXMLReporter -->
<testsuite ignored="0" hostname="LAPTOP-1IP63I2R" failures="0" tests="1" name="Test" time="0.057" errors="0" timestamp="2023-06-08T14:33:30 IST">
  <testcase classname="grid.Prac" name="@BeforeMethod setUp" time="-1.686215009817E9">
    <failure type="org.testng.TestNGException" message="
Parameter &amp;apos;Port&amp;apos; is required by BeforeMethod on method setUp but has not been marked @Optional or defined
in C:\Users\91899\eclipse-workspace\Axis_01062023\testngPrac.xml">
      <![CDATA[org.testng.TestNGException: 
Parameter 'Port' is required by BeforeMethod on method setUp but has not been marked @Optional or defined
in C:\Users\91899\eclipse-workspace\Axis_01062023\testngPrac.xml
at java.base/java.util.ArrayList.forEach(ArrayList.java:1511)
... Removed 28 stack frames]]>
    </failure>
  </testcase> <!-- @BeforeMethod setUp -->
  <testcase classname="grid.Prac" name="@AfterMethod tearDown" time="-1.686215009835E9">
    <skipped/>
  </testcase> <!-- @AfterMethod tearDown -->
  <testcase classname="grid.Prac" name="appleSite" time="0.0">
    <skipped/>
  </testcase> <!-- appleSite -->
</testsuite> <!-- Test -->
