<?xml version="1.0" encoding="UTF-8"?>
<testng-results ignored="0" total="1" passed="1" failed="0" skipped="0">
  <reporter-output>
  </reporter-output>
  <suite started-at="2023-06-13T17:24:13Z" name="Suite" finished-at="2023-06-13T17:25:10Z" duration-ms="56654">
    <groups>
    </groups>
    <test started-at="2023-06-13T17:24:13Z" name="Test" finished-at="2023-06-13T17:25:10Z" duration-ms="56654">
      <class name="org.Manipal.test.testCasesDemoWebsite">
        <test-method is-config="true" signature="initialSetup()[pri:0, instance:org.Manipal.test.testCasesDemoWebsite@2812b107]" started-at="2023-06-13T17:24:14Z" name="initialSetup" finished-at="2023-06-13T17:25:03Z" duration-ms="49388" status="PASS">
          <reporter-output>
          </reporter-output>
        </test-method> <!-- initialSetup -->
        <test-method signature="scenario()[pri:0, instance:org.Manipal.test.testCasesDemoWebsite@2812b107]" started-at="2023-06-13T17:25:03Z" name="scenario" finished-at="2023-06-13T17:25:10Z" duration-ms="7244" status="PASS">
          <reporter-output>
          </reporter-output>
        </test-method> <!-- scenario -->
      </class> <!-- org.Manipal.test.testCasesDemoWebsite -->
    </test> <!-- Test -->
  </suite> <!-- Suite -->
</testng-results>
