<?xml version="1.0" encoding="UTF-8"?>
<testng-results ignored="0" total="1" passed="1" failed="0" skipped="0">
  <reporter-output>
  </reporter-output>
  <suite started-at="2023-06-11T16:40:17 IST" name="Default suite" finished-at="2023-06-11T16:41:39 IST" duration-ms="81680">
    <groups>
    </groups>
    <test started-at="2023-06-11T16:40:17 IST" name="Default test" finished-at="2023-06-11T16:41:39 IST" duration-ms="81680">
      <class name="org.Manipal.test.testCasesDemoWebsite">
        <test-method is-config="true" signature="initialSetup()[pri:0, instance:org.Manipal.test.testCasesDemoWebsite@15bb5034]" started-at="2023-06-11T16:40:17 IST" name="initialSetup" finished-at="2023-06-11T16:41:11 IST" duration-ms="53573" status="PASS">
          <reporter-output>
          </reporter-output>
        </test-method> <!-- initialSetup -->
        <test-method signature="scenario()[pri:0, instance:org.Manipal.test.testCasesDemoWebsite@15bb5034]" started-at="2023-06-11T16:41:11 IST" name="scenario" finished-at="2023-06-11T16:41:39 IST" duration-ms="28065" status="PASS">
          <reporter-output>
          </reporter-output>
        </test-method> <!-- scenario -->
      </class> <!-- org.Manipal.test.testCasesDemoWebsite -->
    </test> <!-- Default test -->
  </suite> <!-- Default suite -->
</testng-results>
